sample/build/intermediates/manifest_merge_blame_file/debug/manifest-merger-blame-debug-report.txt
1<?xml version="1.0" encoding="utf-8"?>
2<manifest xmlns:android="http://schemas.android.com/apk/res/android"
3    package="com.daasuu.camerarecorder_androidtesttest"
4    android:versionCode="1"
5    android:versionName="1.0" >
6
7    <uses-sdk
8        android:minSdkVersion="21"
8-->src\main\AndroidManifest.xml
9        android:targetSdkVersion="28" />
9-->src\main\AndroidManifest.xml
10
11    <uses-feature android:name="android.hardware.camera" />
11-->[:camerarecorder] AndroidManifest.xml:11:5-60
11-->[:camerarecorder] AndroidManifest.xml:11:19-57
12    <uses-feature android:name="android.hardware.camera.autofocus" />
12-->[:camerarecorder] AndroidManifest.xml:12:5-70
12-->[:camerarecorder] AndroidManifest.xml:12:19-67
13
14    <uses-permission android:name="android.permission.CAMERA" />
14-->[:camerarecorder] AndroidManifest.xml:14:5-65
14-->[:camerarecorder] AndroidManifest.xml:14:22-62
15    <uses-permission android:name="android.permission.WRITE_EXTERNAL_STORAGE" />
15-->[:camerarecorder] AndroidManifest.xml:15:5-81
15-->[:camerarecorder] AndroidManifest.xml:15:22-78
16    <uses-permission android:name="android.permission.RECORD_AUDIO" />
16-->[:camerarecorder] AndroidManifest.xml:16:5-71
16-->[:camerarecorder] AndroidManifest.xml:16:22-68
17
18    <application
18-->src\main\AndroidManifest.xml:4:5-19:19
19        android:allowBackup="true"
19-->src\main\AndroidManifest.xml:5:9-35
20        android:appComponentFactory="android.support.v4.app.CoreComponentFactory"
20-->[com.android.support:support-compat:28.0.0] AndroidManifest.xml:22:18-91
21        android:debuggable="true"
22        android:icon="@mipmap/ic_launcher"
22-->src\main\AndroidManifest.xml:6:9-43
23        android:label="@string/app_name"
23-->src\main\AndroidManifest.xml:7:9-41
24        android:roundIcon="@mipmap/ic_launcher_round"
24-->src\main\AndroidManifest.xml:8:9-54
25        android:supportsRtl="true"
25-->src\main\AndroidManifest.xml:9:9-35
26        android:theme="@style/AppTheme" >
26-->src\main\AndroidManifest.xml:10:9-40
27        <activity
27-->src\main\AndroidManifest.xml:11:9-18:20
28            android:name="com.daasuu.sample.MainActivity"
28-->src\main\AndroidManifest.xml:12:13-58
29            android:screenOrientation="portrait" >
29-->src\main\AndroidManifest.xml:13:13-49
30            <intent-filter>
30-->src\main\AndroidManifest.xml:14:13-17:29
31                <action android:name="android.intent.action.MAIN" />
31-->src\main\AndroidManifest.xml:15:17-69
31-->src\main\AndroidManifest.xml:15:25-66
32
33                <category android:name="android.intent.category.LAUNCHER" />
33-->src\main\AndroidManifest.xml:16:17-77
33-->src\main\AndroidManifest.xml:16:27-74
34            </intent-filter>
35        </activity>
36        <activity
36-->[:camerarecorder] AndroidManifest.xml:23:9-26:20
37            android:name="com.daasuu.camerarecorder.CameraMainActivity"
37-->[:camerarecorder] AndroidManifest.xml:24:13-72
38            android:screenOrientation="portrait" >
38-->[:camerarecorder] AndroidManifest.xml:25:13-49
39        </activity>
40        <activity
40-->[:camerarecorder] AndroidManifest.xml:27:9-29:52
41            android:name="com.daasuu.camerarecorder.PortrateActivity"
41-->[:camerarecorder] AndroidManifest.xml:28:13-70
42            android:screenOrientation="portrait" />
42-->[:camerarecorder] AndroidManifest.xml:29:13-49
43        <activity android:name="com.daasuu.camerarecorder.SquareActivity" />
43-->[:camerarecorder] AndroidManifest.xml:30:9-77
43-->[:camerarecorder] AndroidManifest.xml:30:19-74
44        <activity
44-->[:camerarecorder] AndroidManifest.xml:31:9-33:52
45            android:name="com.daasuu.camerarecorder.LandscapeActivity"
45-->[:camerarecorder] AndroidManifest.xml:32:13-71
46            android:screenOrientation="portrait" />
46-->[:camerarecorder] AndroidManifest.xml:33:13-49
47    </application>
48
49</manifest>